<?xml version="1.0" encoding="UTF-8"?>
<testsuite xmlns:xsi="http://www.w3.org/2001/XMLSchema-instance" xsi:noNamespaceSchemaLocation="https://maven.apache.org/surefire/maven-surefire-plugin/xsd/surefire-test-report-3.0.xsd" version="3.0" name="com.sap.cc.user.SpringBootUserApplicationTests" time="5.088" tests="1" errors="0" skipped="0" failures="0">
  <properties>
[...]
</properties>
  <testcase name="contextLoads" classname="com.sap.cc.user.SpringBootUserApplicationTests" time="1.045">
    <system-out><![CDATA[16:30:02.049 [main] INFO org.springframework.test.context.support.AnnotationConfigContextLoaderUtils -- Could not detect default configuration classes for test class [com.sap.cc.user.SpringBootUserApplicationTests]: SpringBootUserApplicationTests does not declare any static, non-private, non-final, nested classes annotated with @Configuration.
16:30:02.374 [main] INFO org.springframework.boot.test.context.SpringBootTestContextBootstrapper -- Found @SpringBootConfiguration com.sap.cc.user.SpringBootUserApplication for test class com.sap.cc.user.SpringBootUserApplicationTests
16:30:01,654 |-INFO in ch.qos.logback.classic.LoggerContext[default] - This is logback-classic version 1.4.8
16:30:01,707 |-INFO in ch.qos.logback.classic.LoggerContext[default] - Could NOT find resource [logback-test.xml]
16:30:01,708 |-INFO in ch.qos.logback.classic.LoggerContext[default] - Could NOT find resource [logback.xml]
16:30:01,710 |-INFO in ch.qos.logback.classic.BasicConfigurator@7d2a6eac - Setting up default configuration.
16:30:03,380 |-INFO in ch.qos.logback.core.model.processor.AppenderModelHandler - Processing appender named [STDOUT-JSON]
16:30:03,380 |-INFO in ch.qos.logback.core.model.processor.AppenderModelHandler - About to instantiate appender of type [ch.qos.logback.core.ConsoleAppender]
16:30:03,454 |-WARN in ch.qos.logback.core.model.processor.AppenderModelHandler - Appender named [STDOUT] not referenced. Skipping further processing.
16:30:03,455 |-INFO in ch.qos.logback.classic.model.processor.RootLoggerModelHandler - Setting level of ROOT logger to INFO
16:30:03,455 |-INFO in ch.qos.logback.classic.jul.LevelChangePropagator@18ca3c62 - Propagating INFO level on Logger[ROOT] onto the JUL framework
16:30:03,456 |-INFO in ch.qos.logback.core.model.processor.AppenderRefModelHandler - Attaching appender named [STDOUT-JSON] to Logger[ROOT]
16:30:03,457 |-INFO in ch.qos.logback.classic.model.processor.LoggerModelHandler - Setting level of logger [com.sap.hcp.cf] to INFO
16:30:03,457 |-INFO in ch.qos.logback.classic.jul.LevelChangePropagator@18ca3c62 - Propagating INFO level on Logger[com.sap.hcp.cf] onto the JUL framework
16:30:03,457 |-INFO in ch.qos.logback.core.model.processor.DefaultProcessor@2c0f7678 - End of configuration.
16:30:03,457 |-INFO in org.springframework.boot.logging.logback.SpringBootJoranConfigurator@44d70181 - Registering current configuration as safe fallback point

{"msg":"Starting SpringBootUserApplicationTests using Java 17.0.7 with PID 28528 (started by I585382 in C:\\SAPDevelop\\Learning\\Cloud Native Developer Journey\\distributed-logging-cf-java\\users)","level":"INFO","written_ts":"1701189003751339500","logger":"com.sap.cc.user.SpringBootUserApplicationTests","written_at":"2023-11-28T16:30:03.735Z","thread":"main","type":"log"}
{"msg":"No active profile set, falling back to 1 default profile: \"default\"","level":"INFO","written_ts":"1701189003758359100","logger":"com.sap.cc.user.SpringBootUserApplicationTests","written_at":"2023-11-28T16:30:03.757Z","thread":"main","type":"log"}
{"msg":"Started SpringBootUserApplicationTests in 2.786 seconds (process running for 5.596)","level":"INFO","written_ts":"1701189005588226700","logger":"com.sap.cc.user.SpringBootUserApplicationTests","written_at":"2023-11-28T16:30:05.588Z","thread":"main","type":"log"}
]]></system-out>
  </testcase>
</testsuite>