<?xml version="1.0" encoding="UTF-8"?>
<testsuite xmlns:xsi="http://www.w3.org/2001/XMLSchema-instance" xsi:noNamespaceSchemaLocation="https://maven.apache.org/surefire/maven-surefire-plugin/xsd/surefire-test-report-3.0.xsd" version="3.0" name="com.sap.ase.poker.smokeTests.CallSmokeTest" time="14.408" tests="4" errors="0" skipped="0" failures="0">
  <properties>
[...]
</properties>
  <testcase name="call_shouldFail_ifNoRaisePerformedBefore" classname="com.sap.ase.poker.smokeTests.CallSmokeTest" time="2.84">
    <system-out><![CDATA[11:49:22.216 [main] INFO org.springframework.test.context.support.AnnotationConfigContextLoaderUtils -- Could not detect default configuration classes for test class [com.sap.ase.poker.smokeTests.CallSmokeTest]: CallSmokeTest does not declare any static, non-private, non-final, nested classes annotated with @Configuration.
11:49:22.535 [main] INFO org.springframework.boot.test.context.SpringBootTestContextBootstrapper -- Found @SpringBootConfiguration com.sap.ase.poker.PokerBootApplication for test class com.sap.ase.poker.smokeTests.CallSmokeTest

  .   ____          _            __ _ _
 /\\ / ___'_ __ _ _(_)_ __  __ _ \ \ \ \
( ( )\___ | '_ | '_| | '_ \/ _` | \ \ \ \
 \\/  ___)| |_)| | | | | || (_| |  ) ) ) )
  '  |____| .__|_| |_|_| |_\__, | / / / /
 =========|_|==============|___/=/_/_/_/
 :: Spring Boot ::                (v3.1.1)

2023-09-14T11:49:23.498+01:00  INFO 28372 --- [           main] c.s.ase.poker.smokeTests.CallSmokeTest   : Starting CallSmokeTest using Java 17.0.7 with PID 28372 (started by I585382 in C:\SAPDevelop\Learning\Cloud Native Developer Journey\poker-app-java)
2023-09-14T11:49:23.501+01:00  INFO 28372 --- [           main] c.s.ase.poker.smokeTests.CallSmokeTest   : No active profile set, falling back to 1 default profile: "default"
2023-09-14T11:49:26.713+01:00  INFO 28372 --- [           main] o.s.s.web.DefaultSecurityFilterChain     : Will secure any request with [org.springframework.security.web.session.DisableEncodeUrlFilter@6af0407c, org.springframework.security.web.context.request.async.WebAsyncManagerIntegrationFilter@71c1ca1, org.springframework.security.web.context.SecurityContextHolderFilter@32d8e58d, org.springframework.security.web.header.HeaderWriterFilter@1e37cb10, org.springframework.security.web.authentication.logout.LogoutFilter@df04d12, com.sap.ase.poker.security.JsonUsernamePasswordAuthenticationFilter@20cf3ab3, org.springframework.security.web.authentication.UsernamePasswordAuthenticationFilter@29a1dab3, com.sap.ase.poker.security.JwtAuthenticationRequestFilter@1acfc058, org.springframework.security.web.savedrequest.RequestCacheAwareFilter@5248c05a, org.springframework.security.web.servletapi.SecurityContextHolderAwareRequestFilter@18d09283, org.springframework.security.web.authentication.AnonymousAuthenticationFilter@725490dd, org.springframework.security.web.session.SessionManagementFilter@6892d403, org.springframework.security.web.access.ExceptionTranslationFilter@63fde7ca, org.springframework.security.web.access.intercept.AuthorizationFilter@7343d843]
2023-09-14T11:49:27.039+01:00  INFO 28372 --- [           main] c.s.ase.poker.smokeTests.CallSmokeTest   : Started CallSmokeTest in 4.068 seconds (process running for 6.328)
Player joined the table: poker-alice
Player joined the table: wild-bill
]]></system-out>
  </testcase>
  <testcase name="call_shouldRaiseBetOfPlayer" classname="com.sap.ase.poker.smokeTests.CallSmokeTest" time="0.049">
    <system-out><![CDATA[
  .   ____          _            __ _ _
 /\\ / ___'_ __ _ _(_)_ __  __ _ \ \ \ \
( ( )\___ | '_ | '_| | '_ \/ _` | \ \ \ \
 \\/  ___)| |_)| | | | | || (_| |  ) ) ) )
  '  |____| .__|_| |_|_| |_\__, | / / / /
 =========|_|==============|___/=/_/_/_/
 :: Spring Boot ::                (v3.1.1)

2023-09-14T11:49:30.026+01:00  INFO 28372 --- [           main] c.s.ase.poker.smokeTests.CallSmokeTest   : Starting CallSmokeTest using Java 17.0.7 with PID 28372 (started by I585382 in C:\SAPDevelop\Learning\Cloud Native Developer Journey\poker-app-java)
2023-09-14T11:49:30.027+01:00  INFO 28372 --- [           main] c.s.ase.poker.smokeTests.CallSmokeTest   : No active profile set, falling back to 1 default profile: "default"
2023-09-14T11:49:32.108+01:00  INFO 28372 --- [           main] o.s.s.web.DefaultSecurityFilterChain     : Will secure any request with [org.springframework.security.web.session.DisableEncodeUrlFilter@63c8a30e, org.springframework.security.web.context.request.async.WebAsyncManagerIntegrationFilter@26e199ed, org.springframework.security.web.context.SecurityContextHolderFilter@59b7cbec, org.springframework.security.web.header.HeaderWriterFilter@2b75b77d, org.springframework.security.web.authentication.logout.LogoutFilter@3c175d82, com.sap.ase.poker.security.JsonUsernamePasswordAuthenticationFilter@46d8d38, org.springframework.security.web.authentication.UsernamePasswordAuthenticationFilter@65b51977, com.sap.ase.poker.security.JwtAuthenticationRequestFilter@49de4263, org.springframework.security.web.savedrequest.RequestCacheAwareFilter@f9402c2, org.springframework.security.web.servletapi.SecurityContextHolderAwareRequestFilter@9dc9212, org.springframework.security.web.authentication.AnonymousAuthenticationFilter@6fa84885, org.springframework.security.web.session.SessionManagementFilter@4552f89f, org.springframework.security.web.access.ExceptionTranslationFilter@300cdf3f, org.springframework.security.web.access.intercept.AuthorizationFilter@7e1b96a7]
2023-09-14T11:49:32.247+01:00  INFO 28372 --- [           main] c.s.ase.poker.smokeTests.CallSmokeTest   : Started CallSmokeTest in 2.319 seconds (process running for 11.537)
Player joined the table: poker-alice
Player joined the table: wild-bill
Player joined the table: al-capone
Action performed: raise, amount: 10
Action performed: call, amount: 0
]]></system-out>
  </testcase>
  <testcase name="call_shouldAdvanceState" classname="com.sap.ase.poker.smokeTests.CallSmokeTest" time="0.02">
    <system-out><![CDATA[
  .   ____          _            __ _ _
 /\\ / ___'_ __ _ _(_)_ __  __ _ \ \ \ \
( ( )\___ | '_ | '_| | '_ \/ _` | \ \ \ \
 \\/  ___)| |_)| | | | | || (_| |  ) ) ) )
  '  |____| .__|_| |_|_| |_\__, | / / / /
 =========|_|==============|___/=/_/_/_/
 :: Spring Boot ::                (v3.1.1)

2023-09-14T11:49:32.366+01:00  INFO 28372 --- [           main] c.s.ase.poker.smokeTests.CallSmokeTest   : Starting CallSmokeTest using Java 17.0.7 with PID 28372 (started by I585382 in C:\SAPDevelop\Learning\Cloud Native Developer Journey\poker-app-java)
2023-09-14T11:49:32.366+01:00  INFO 28372 --- [           main] c.s.ase.poker.smokeTests.CallSmokeTest   : No active profile set, falling back to 1 default profile: "default"
2023-09-14T11:49:34.356+01:00  INFO 28372 --- [           main] o.s.s.web.DefaultSecurityFilterChain     : Will secure any request with [org.springframework.security.web.session.DisableEncodeUrlFilter@7d59e235, org.springframework.security.web.context.request.async.WebAsyncManagerIntegrationFilter@12b79055, org.springframework.security.web.context.SecurityContextHolderFilter@10fc01e0, org.springframework.security.web.header.HeaderWriterFilter@4967fabe, org.springframework.security.web.authentication.logout.LogoutFilter@412b4aed, com.sap.ase.poker.security.JsonUsernamePasswordAuthenticationFilter@1cc771ae, org.springframework.security.web.authentication.UsernamePasswordAuthenticationFilter@66beb02d, com.sap.ase.poker.security.JwtAuthenticationRequestFilter@f6b85c3, org.springframework.security.web.savedrequest.RequestCacheAwareFilter@6a2cd5ea, org.springframework.security.web.servletapi.SecurityContextHolderAwareRequestFilter@1c68601b, org.springframework.security.web.authentication.AnonymousAuthenticationFilter@3d118651, org.springframework.security.web.session.SessionManagementFilter@6329d89f, org.springframework.security.web.access.ExceptionTranslationFilter@33093469, org.springframework.security.web.access.intercept.AuthorizationFilter@12139db0]
2023-09-14T11:49:34.432+01:00  INFO 28372 --- [           main] c.s.ase.poker.smokeTests.CallSmokeTest   : Started CallSmokeTest in 2.122 seconds (process running for 13.721)
Player joined the table: poker-alice
Player joined the table: wild-bill
Action performed: raise, amount: 10
Action performed: call, amount: 0
]]></system-out>
  </testcase>
  <testcase name="call_shouldReRaiseBetOfPlayer" classname="com.sap.ase.poker.smokeTests.CallSmokeTest" time="0.012">
    <system-out><![CDATA[
  .   ____          _            __ _ _
 /\\ / ___'_ __ _ _(_)_ __  __ _ \ \ \ \
( ( )\___ | '_ | '_| | '_ \/ _` | \ \ \ \
 \\/  ___)| |_)| | | | | || (_| |  ) ) ) )
  '  |____| .__|_| |_|_| |_\__, | / / / /
 =========|_|==============|___/=/_/_/_/
 :: Spring Boot ::                (v3.1.1)

2023-09-14T11:49:34.494+01:00  INFO 28372 --- [           main] c.s.ase.poker.smokeTests.CallSmokeTest   : Starting CallSmokeTest using Java 17.0.7 with PID 28372 (started by I585382 in C:\SAPDevelop\Learning\Cloud Native Developer Journey\poker-app-java)
2023-09-14T11:49:34.495+01:00  INFO 28372 --- [           main] c.s.ase.poker.smokeTests.CallSmokeTest   : No active profile set, falling back to 1 default profile: "default"
2023-09-14T11:49:36.149+01:00  INFO 28372 --- [           main] o.s.s.web.DefaultSecurityFilterChain     : Will secure any request with [org.springframework.security.web.session.DisableEncodeUrlFilter@4fdf83bb, org.springframework.security.web.context.request.async.WebAsyncManagerIntegrationFilter@75e81be2, org.springframework.security.web.context.SecurityContextHolderFilter@566c6b91, org.springframework.security.web.header.HeaderWriterFilter@731ccdfc, org.springframework.security.web.authentication.logout.LogoutFilter@7375e6c1, com.sap.ase.poker.security.JsonUsernamePasswordAuthenticationFilter@42010bc8, org.springframework.security.web.authentication.UsernamePasswordAuthenticationFilter@13c02cec, com.sap.ase.poker.security.JwtAuthenticationRequestFilter@50b4e828, org.springframework.security.web.savedrequest.RequestCacheAwareFilter@5e0e97b6, org.springframework.security.web.servletapi.SecurityContextHolderAwareRequestFilter@4b68d2a6, org.springframework.security.web.authentication.AnonymousAuthenticationFilter@63c57bde, org.springframework.security.web.session.SessionManagementFilter@734fcb45, org.springframework.security.web.access.ExceptionTranslationFilter@4589bc66, org.springframework.security.web.access.intercept.AuthorizationFilter@541c7857]
2023-09-14T11:49:36.201+01:00  INFO 28372 --- [           main] c.s.ase.poker.smokeTests.CallSmokeTest   : Started CallSmokeTest in 1.741 seconds (process running for 15.491)
Player joined the table: poker-alice
Player joined the table: wild-bill
Player joined the table: al-capone
Action performed: raise, amount: 10
Action performed: call, amount: 0
Action performed: raise, amount: 20
Action performed: call, amount: 0
]]></system-out>
  </testcase>
</testsuite>