<?xml version="1.0" encoding="UTF-8"?>
<testsuite xmlns:xsi="http://www.w3.org/2001/XMLSchema-instance" xsi:noNamespaceSchemaLocation="https://maven.apache.org/surefire/maven-surefire-plugin/xsd/surefire-test-report-3.0.xsd" version="3.0" name="com.sap.ase.poker.smokeTests.GameProgressionSmokeTest" time="0" tests="4" errors="0" skipped="4" failures="0">
  <properties>
[...]
</properties>
  <testcase name="startGame_shouldStartGame" classname="com.sap.ase.poker.smokeTests.GameProgressionSmokeTest" time="0">
    <skipped message="class com.sap.ase.poker.smokeTests.GameProgressionSmokeTest is @Disabled"/>
  </testcase>
  <testcase name="gameShouldBeOpenInitially" classname="com.sap.ase.poker.smokeTests.GameProgressionSmokeTest" time="0">
    <skipped message="class com.sap.ase.poker.smokeTests.GameProgressionSmokeTest is @Disabled"/>
  </testcase>
  <testcase name="playerActionsShouldProgressGameState" classname="com.sap.ase.poker.smokeTests.GameProgressionSmokeTest" time="0">
    <skipped message="class com.sap.ase.poker.smokeTests.GameProgressionSmokeTest is @Disabled"/>
  </testcase>
  <testcase name="addPlayer_shouldAddNewPlayer" classname="com.sap.ase.poker.smokeTests.GameProgressionSmokeTest" time="0">
    <skipped message="class com.sap.ase.poker.smokeTests.GameProgressionSmokeTest is @Disabled"/>
  </testcase>
</testsuite>