<?xml version="1.0" encoding="UTF-8"?>
<testsuite xmlns:xsi="http://www.w3.org/2001/XMLSchema-instance" xsi:noNamespaceSchemaLocation="https://maven.apache.org/surefire/maven-surefire-plugin/xsd/surefire-test-report-3.0.xsd" version="3.0" name="com.sap.ase.poker.smokeTests.RaiseSmokeTest" time="5.387" tests="4" errors="0" skipped="0" failures="0">
  <properties>
[...]
</properties>
  <testcase name="raise_shouldFail_ifExceedsOtherPlayersCash" classname="com.sap.ase.poker.smokeTests.RaiseSmokeTest" time="0.006">
    <system-out><![CDATA[2023-09-14T11:49:45.091+01:00  INFO 28372 --- [           main] t.c.s.AnnotationConfigContextLoaderUtils : Could not detect default configuration classes for test class [com.sap.ase.poker.smokeTests.RaiseSmokeTest]: RaiseSmokeTest does not declare any static, non-private, non-final, nested classes annotated with @Configuration.
2023-09-14T11:49:45.093+01:00  INFO 28372 --- [           main] .b.t.c.SpringBootTestContextBootstrapper : Found @SpringBootConfiguration com.sap.ase.poker.PokerBootApplication for test class com.sap.ase.poker.smokeTests.RaiseSmokeTest

  .   ____          _            __ _ _
 /\\ / ___'_ __ _ _(_)_ __  __ _ \ \ \ \
( ( )\___ | '_ | '_| | '_ \/ _` | \ \ \ \
 \\/  ___)| |_)| | | | | || (_| |  ) ) ) )
  '  |____| .__|_| |_|_| |_\__, | / / / /
 =========|_|==============|___/=/_/_/_/
 :: Spring Boot ::                (v3.1.1)

2023-09-14T11:49:45.128+01:00  INFO 28372 --- [           main] c.s.ase.poker.smokeTests.RaiseSmokeTest  : Starting RaiseSmokeTest using Java 17.0.7 with PID 28372 (started by I585382 in C:\SAPDevelop\Learning\Cloud Native Developer Journey\poker-app-java)
2023-09-14T11:49:45.129+01:00  INFO 28372 --- [           main] c.s.ase.poker.smokeTests.RaiseSmokeTest  : No active profile set, falling back to 1 default profile: "default"
2023-09-14T11:49:46.490+01:00  INFO 28372 --- [           main] o.s.s.web.DefaultSecurityFilterChain     : Will secure any request with [org.springframework.security.web.session.DisableEncodeUrlFilter@34fb399b, org.springframework.security.web.context.request.async.WebAsyncManagerIntegrationFilter@240f4328, org.springframework.security.web.context.SecurityContextHolderFilter@aa8f19d, org.springframework.security.web.header.HeaderWriterFilter@35590f53, org.springframework.security.web.authentication.logout.LogoutFilter@38bf7a37, com.sap.ase.poker.security.JsonUsernamePasswordAuthenticationFilter@6cd8b2de, org.springframework.security.web.authentication.UsernamePasswordAuthenticationFilter@77d68b94, com.sap.ase.poker.security.JwtAuthenticationRequestFilter@2f110efa, org.springframework.security.web.savedrequest.RequestCacheAwareFilter@40ccaefa, org.springframework.security.web.servletapi.SecurityContextHolderAwareRequestFilter@3d920227, org.springframework.security.web.authentication.AnonymousAuthenticationFilter@424bcd62, org.springframework.security.web.session.SessionManagementFilter@1d8ab0dc, org.springframework.security.web.access.ExceptionTranslationFilter@2dacf052, org.springframework.security.web.access.intercept.AuthorizationFilter@300f120d]
2023-09-14T11:49:46.519+01:00  INFO 28372 --- [           main] c.s.ase.poker.smokeTests.RaiseSmokeTest  : Started RaiseSmokeTest in 1.42 seconds (process running for 25.81)
Player joined the table: poker-alice
Player joined the table: wild-bill
Action performed: raise, amount: 10
Action performed: call, amount: 0
Action performed: fold, amount: 0
Action performed: check, amount: 0
]]></system-out>
  </testcase>
  <testcase name="raise_shouldFail_ExceedsPlayersCash" classname="com.sap.ase.poker.smokeTests.RaiseSmokeTest" time="0.005">
    <system-out><![CDATA[
  .   ____          _            __ _ _
 /\\ / ___'_ __ _ _(_)_ __  __ _ \ \ \ \
( ( )\___ | '_ | '_| | '_ \/ _` | \ \ \ \
 \\/  ___)| |_)| | | | | || (_| |  ) ) ) )
  '  |____| .__|_| |_|_| |_\__, | / / / /
 =========|_|==============|___/=/_/_/_/
 :: Spring Boot ::                (v3.1.1)

2023-09-14T11:49:46.554+01:00  INFO 28372 --- [           main] c.s.ase.poker.smokeTests.RaiseSmokeTest  : Starting RaiseSmokeTest using Java 17.0.7 with PID 28372 (started by I585382 in C:\SAPDevelop\Learning\Cloud Native Developer Journey\poker-app-java)
2023-09-14T11:49:46.554+01:00  INFO 28372 --- [           main] c.s.ase.poker.smokeTests.RaiseSmokeTest  : No active profile set, falling back to 1 default profile: "default"
2023-09-14T11:49:47.798+01:00  INFO 28372 --- [           main] o.s.s.web.DefaultSecurityFilterChain     : Will secure any request with [org.springframework.security.web.session.DisableEncodeUrlFilter@154b5e43, org.springframework.security.web.context.request.async.WebAsyncManagerIntegrationFilter@ac41f1, org.springframework.security.web.context.SecurityContextHolderFilter@f829512, org.springframework.security.web.header.HeaderWriterFilter@5ff9bed6, org.springframework.security.web.authentication.logout.LogoutFilter@7d03699c, com.sap.ase.poker.security.JsonUsernamePasswordAuthenticationFilter@35ca8ec3, org.springframework.security.web.authentication.UsernamePasswordAuthenticationFilter@73e2862a, com.sap.ase.poker.security.JwtAuthenticationRequestFilter@52fe8d86, org.springframework.security.web.savedrequest.RequestCacheAwareFilter@1ce3ddfd, org.springframework.security.web.servletapi.SecurityContextHolderAwareRequestFilter@e7ecfb9, org.springframework.security.web.authentication.AnonymousAuthenticationFilter@1d0868dc, org.springframework.security.web.session.SessionManagementFilter@4be4680b, org.springframework.security.web.access.ExceptionTranslationFilter@6f2f9ba4, org.springframework.security.web.access.intercept.AuthorizationFilter@77644bb]
2023-09-14T11:49:47.827+01:00  INFO 28372 --- [           main] c.s.ase.poker.smokeTests.RaiseSmokeTest  : Started RaiseSmokeTest in 1.295 seconds (process running for 27.116)
Player joined the table: poker-alice
Player joined the table: wild-bill
Action performed: raise, amount: 10
Action performed: call, amount: 0
Action performed: fold, amount: 0
]]></system-out>
  </testcase>
  <testcase name="raise_shouldRaiseBetOfPlayer" classname="com.sap.ase.poker.smokeTests.RaiseSmokeTest" time="0.007">
    <system-out><![CDATA[
  .   ____          _            __ _ _
 /\\ / ___'_ __ _ _(_)_ __  __ _ \ \ \ \
( ( )\___ | '_ | '_| | '_ \/ _` | \ \ \ \
 \\/  ___)| |_)| | | | | || (_| |  ) ) ) )
  '  |____| .__|_| |_|_| |_\__, | / / / /
 =========|_|==============|___/=/_/_/_/
 :: Spring Boot ::                (v3.1.1)

2023-09-14T11:49:47.854+01:00  INFO 28372 --- [           main] c.s.ase.poker.smokeTests.RaiseSmokeTest  : Starting RaiseSmokeTest using Java 17.0.7 with PID 28372 (started by I585382 in C:\SAPDevelop\Learning\Cloud Native Developer Journey\poker-app-java)
2023-09-14T11:49:47.854+01:00  INFO 28372 --- [           main] c.s.ase.poker.smokeTests.RaiseSmokeTest  : No active profile set, falling back to 1 default profile: "default"
2023-09-14T11:49:49.095+01:00  INFO 28372 --- [           main] o.s.s.web.DefaultSecurityFilterChain     : Will secure any request with [org.springframework.security.web.session.DisableEncodeUrlFilter@2f4daa0c, org.springframework.security.web.context.request.async.WebAsyncManagerIntegrationFilter@4bd52ca4, org.springframework.security.web.context.SecurityContextHolderFilter@537762d7, org.springframework.security.web.header.HeaderWriterFilter@139ca07f, org.springframework.security.web.authentication.logout.LogoutFilter@326451bf, com.sap.ase.poker.security.JsonUsernamePasswordAuthenticationFilter@5d9e5f2f, org.springframework.security.web.authentication.UsernamePasswordAuthenticationFilter@3f34edfc, com.sap.ase.poker.security.JwtAuthenticationRequestFilter@455d026d, org.springframework.security.web.savedrequest.RequestCacheAwareFilter@6f06b73a, org.springframework.security.web.servletapi.SecurityContextHolderAwareRequestFilter@196f7dfd, org.springframework.security.web.authentication.AnonymousAuthenticationFilter@782cd00, org.springframework.security.web.session.SessionManagementFilter@717646f1, org.springframework.security.web.access.ExceptionTranslationFilter@549d1a11, org.springframework.security.web.access.intercept.AuthorizationFilter@ae397d6]
2023-09-14T11:49:49.132+01:00  INFO 28372 --- [           main] c.s.ase.poker.smokeTests.RaiseSmokeTest  : Started RaiseSmokeTest in 1.295 seconds (process running for 28.421)
Player joined the table: poker-alice
Player joined the table: wild-bill
Action performed: raise, amount: 10
]]></system-out>
  </testcase>
  <testcase name="raise_shouldRaiseBetOfPlayer_IfHigherThanPreviousRaise" classname="com.sap.ase.poker.smokeTests.RaiseSmokeTest" time="0.01">
    <system-out><![CDATA[
  .   ____          _            __ _ _
 /\\ / ___'_ __ _ _(_)_ __  __ _ \ \ \ \
( ( )\___ | '_ | '_| | '_ \/ _` | \ \ \ \
 \\/  ___)| |_)| | | | | || (_| |  ) ) ) )
  '  |____| .__|_| |_|_| |_\__, | / / / /
 =========|_|==============|___/=/_/_/_/
 :: Spring Boot ::                (v3.1.1)

2023-09-14T11:49:49.162+01:00  INFO 28372 --- [           main] c.s.ase.poker.smokeTests.RaiseSmokeTest  : Starting RaiseSmokeTest using Java 17.0.7 with PID 28372 (started by I585382 in C:\SAPDevelop\Learning\Cloud Native Developer Journey\poker-app-java)
2023-09-14T11:49:49.163+01:00  INFO 28372 --- [           main] c.s.ase.poker.smokeTests.RaiseSmokeTest  : No active profile set, falling back to 1 default profile: "default"
2023-09-14T11:49:50.411+01:00  INFO 28372 --- [           main] o.s.s.web.DefaultSecurityFilterChain     : Will secure any request with [org.springframework.security.web.session.DisableEncodeUrlFilter@2ecc303c, org.springframework.security.web.context.request.async.WebAsyncManagerIntegrationFilter@389c624, org.springframework.security.web.context.SecurityContextHolderFilter@12bc51f4, org.springframework.security.web.header.HeaderWriterFilter@d5ef7c0, org.springframework.security.web.authentication.logout.LogoutFilter@6a1f63fd, com.sap.ase.poker.security.JsonUsernamePasswordAuthenticationFilter@19416b0f, org.springframework.security.web.authentication.UsernamePasswordAuthenticationFilter@3fddbcb1, com.sap.ase.poker.security.JwtAuthenticationRequestFilter@4bab64a2, org.springframework.security.web.savedrequest.RequestCacheAwareFilter@7d5505a9, org.springframework.security.web.servletapi.SecurityContextHolderAwareRequestFilter@7cf0d34, org.springframework.security.web.authentication.AnonymousAuthenticationFilter@4a9e03b, org.springframework.security.web.session.SessionManagementFilter@3b44d95f, org.springframework.security.web.access.ExceptionTranslationFilter@6b0090ca, org.springframework.security.web.access.intercept.AuthorizationFilter@406b5725]
2023-09-14T11:49:50.459+01:00  INFO 28372 --- [           main] c.s.ase.poker.smokeTests.RaiseSmokeTest  : Started RaiseSmokeTest in 1.315 seconds (process running for 29.748)
Player joined the table: poker-alice
Player joined the table: wild-bill
Action performed: raise, amount: 9
Action performed: raise, amount: 10
]]></system-out>
  </testcase>
</testsuite>