<?xml version="1.0" encoding="UTF-8"?>
<testsuite xmlns:xsi="http://www.w3.org/2001/XMLSchema-instance" xsi:noNamespaceSchemaLocation="https://maven.apache.org/surefire/maven-surefire-plugin/xsd/surefire-test-report-3.0.xsd" version="3.0" name="com.sap.ase.poker.smokeTests.CheckSmokeTest" time="5.947" tests="4" errors="0" skipped="0" failures="0">
  <properties>
[...]
</properties>
  <testcase name="check_shouldAdvancePlayer" classname="com.sap.ase.poker.smokeTests.CheckSmokeTest" time="0.083">
    <system-out><![CDATA[2023-09-14T11:49:36.233+01:00  INFO 28372 --- [           main] t.c.s.AnnotationConfigContextLoaderUtils : Could not detect default configuration classes for test class [com.sap.ase.poker.smokeTests.CheckSmokeTest]: CheckSmokeTest does not declare any static, non-private, non-final, nested classes annotated with @Configuration.
2023-09-14T11:49:36.235+01:00  INFO 28372 --- [           main] .b.t.c.SpringBootTestContextBootstrapper : Found @SpringBootConfiguration com.sap.ase.poker.PokerBootApplication for test class com.sap.ase.poker.smokeTests.CheckSmokeTest

  .   ____          _            __ _ _
 /\\ / ___'_ __ _ _(_)_ __  __ _ \ \ \ \
( ( )\___ | '_ | '_| | '_ \/ _` | \ \ \ \
 \\/  ___)| |_)| | | | | || (_| |  ) ) ) )
  '  |____| .__|_| |_|_| |_\__, | / / / /
 =========|_|==============|___/=/_/_/_/
 :: Spring Boot ::                (v3.1.1)

2023-09-14T11:49:36.272+01:00  INFO 28372 --- [           main] c.s.ase.poker.smokeTests.CheckSmokeTest  : Starting CheckSmokeTest using Java 17.0.7 with PID 28372 (started by I585382 in C:\SAPDevelop\Learning\Cloud Native Developer Journey\poker-app-java)
2023-09-14T11:49:36.272+01:00  INFO 28372 --- [           main] c.s.ase.poker.smokeTests.CheckSmokeTest  : No active profile set, falling back to 1 default profile: "default"
2023-09-14T11:49:37.669+01:00  INFO 28372 --- [           main] o.s.s.web.DefaultSecurityFilterChain     : Will secure any request with [org.springframework.security.web.session.DisableEncodeUrlFilter@59fe8d94, org.springframework.security.web.context.request.async.WebAsyncManagerIntegrationFilter@479f5c35, org.springframework.security.web.context.SecurityContextHolderFilter@64e06cf0, org.springframework.security.web.header.HeaderWriterFilter@321f97d9, org.springframework.security.web.authentication.logout.LogoutFilter@c8d0ea3, com.sap.ase.poker.security.JsonUsernamePasswordAuthenticationFilter@37264d08, org.springframework.security.web.authentication.UsernamePasswordAuthenticationFilter@3d62648d, com.sap.ase.poker.security.JwtAuthenticationRequestFilter@194e116d, org.springframework.security.web.savedrequest.RequestCacheAwareFilter@6e9d60e1, org.springframework.security.web.servletapi.SecurityContextHolderAwareRequestFilter@207283b4, org.springframework.security.web.authentication.AnonymousAuthenticationFilter@3471bdfd, org.springframework.security.web.session.SessionManagementFilter@3a4e3343, org.springframework.security.web.access.ExceptionTranslationFilter@6bcc277a, org.springframework.security.web.access.intercept.AuthorizationFilter@3d49b00e]
2023-09-14T11:49:37.714+01:00  INFO 28372 --- [           main] c.s.ase.poker.smokeTests.CheckSmokeTest  : Started CheckSmokeTest in 1.472 seconds (process running for 17.004)
Player joined the table: poker-alice
Player joined the table: wild-bill
Action performed: check, amount: 0
]]></system-out>
  </testcase>
  <testcase name="check_shouldAdvanceState" classname="com.sap.ase.poker.smokeTests.CheckSmokeTest" time="0.014">
    <system-out><![CDATA[
  .   ____          _            __ _ _
 /\\ / ___'_ __ _ _(_)_ __  __ _ \ \ \ \
( ( )\___ | '_ | '_| | '_ \/ _` | \ \ \ \
 \\/  ___)| |_)| | | | | || (_| |  ) ) ) )
  '  |____| .__|_| |_|_| |_\__, | / / / /
 =========|_|==============|___/=/_/_/_/
 :: Spring Boot ::                (v3.1.1)

2023-09-14T11:49:37.830+01:00  INFO 28372 --- [           main] c.s.ase.poker.smokeTests.CheckSmokeTest  : Starting CheckSmokeTest using Java 17.0.7 with PID 28372 (started by I585382 in C:\SAPDevelop\Learning\Cloud Native Developer Journey\poker-app-java)
2023-09-14T11:49:37.830+01:00  INFO 28372 --- [           main] c.s.ase.poker.smokeTests.CheckSmokeTest  : No active profile set, falling back to 1 default profile: "default"
2023-09-14T11:49:39.283+01:00  INFO 28372 --- [           main] o.s.s.web.DefaultSecurityFilterChain     : Will secure any request with [org.springframework.security.web.session.DisableEncodeUrlFilter@502f9271, org.springframework.security.web.context.request.async.WebAsyncManagerIntegrationFilter@313b6907, org.springframework.security.web.context.SecurityContextHolderFilter@551566a, org.springframework.security.web.header.HeaderWriterFilter@1c4053aa, org.springframework.security.web.authentication.logout.LogoutFilter@30369973, com.sap.ase.poker.security.JsonUsernamePasswordAuthenticationFilter@74e14434, org.springframework.security.web.authentication.UsernamePasswordAuthenticationFilter@54d66499, com.sap.ase.poker.security.JwtAuthenticationRequestFilter@13f4149d, org.springframework.security.web.savedrequest.RequestCacheAwareFilter@3e3b5ff5, org.springframework.security.web.servletapi.SecurityContextHolderAwareRequestFilter@2078869b, org.springframework.security.web.authentication.AnonymousAuthenticationFilter@3f64a088, org.springframework.security.web.session.SessionManagementFilter@709de434, org.springframework.security.web.access.ExceptionTranslationFilter@ad620fd, org.springframework.security.web.access.intercept.AuthorizationFilter@303ea430]
2023-09-14T11:49:39.323+01:00  INFO 28372 --- [           main] c.s.ase.poker.smokeTests.CheckSmokeTest  : Started CheckSmokeTest in 1.518 seconds (process running for 18.613)
Player joined the table: poker-alice
Player joined the table: wild-bill
Action performed: check, amount: 0
Action performed: check, amount: 0
]]></system-out>
  </testcase>
  <testcase name="check_afterRaise_throwsIllegalActionException" classname="com.sap.ase.poker.smokeTests.CheckSmokeTest" time="0.007">
    <system-out><![CDATA[
  .   ____          _            __ _ _
 /\\ / ___'_ __ _ _(_)_ __  __ _ \ \ \ \
( ( )\___ | '_ | '_| | '_ \/ _` | \ \ \ \
 \\/  ___)| |_)| | | | | || (_| |  ) ) ) )
  '  |____| .__|_| |_|_| |_\__, | / / / /
 =========|_|==============|___/=/_/_/_/
 :: Spring Boot ::                (v3.1.1)

2023-09-14T11:49:39.369+01:00  INFO 28372 --- [           main] c.s.ase.poker.smokeTests.CheckSmokeTest  : Starting CheckSmokeTest using Java 17.0.7 with PID 28372 (started by I585382 in C:\SAPDevelop\Learning\Cloud Native Developer Journey\poker-app-java)
2023-09-14T11:49:39.370+01:00  INFO 28372 --- [           main] c.s.ase.poker.smokeTests.CheckSmokeTest  : No active profile set, falling back to 1 default profile: "default"
2023-09-14T11:49:40.689+01:00  INFO 28372 --- [           main] o.s.s.web.DefaultSecurityFilterChain     : Will secure any request with [org.springframework.security.web.session.DisableEncodeUrlFilter@e43189c, org.springframework.security.web.context.request.async.WebAsyncManagerIntegrationFilter@2fce55d6, org.springframework.security.web.context.SecurityContextHolderFilter@3d2887e0, org.springframework.security.web.header.HeaderWriterFilter@1a8251ba, org.springframework.security.web.authentication.logout.LogoutFilter@37b3e8b3, com.sap.ase.poker.security.JsonUsernamePasswordAuthenticationFilter@46f970b6, org.springframework.security.web.authentication.UsernamePasswordAuthenticationFilter@261d8a9c, com.sap.ase.poker.security.JwtAuthenticationRequestFilter@cfa5b9f, org.springframework.security.web.savedrequest.RequestCacheAwareFilter@1c8a2bec, org.springframework.security.web.servletapi.SecurityContextHolderAwareRequestFilter@140db646, org.springframework.security.web.authentication.AnonymousAuthenticationFilter@1a6b2564, org.springframework.security.web.session.SessionManagementFilter@69b66787, org.springframework.security.web.access.ExceptionTranslationFilter@1c07b091, org.springframework.security.web.access.intercept.AuthorizationFilter@36d5677]
2023-09-14T11:49:40.717+01:00  INFO 28372 --- [           main] c.s.ase.poker.smokeTests.CheckSmokeTest  : Started CheckSmokeTest in 1.375 seconds (process running for 20.008)
Player joined the table: poker-alice
Player joined the table: wild-bill
Action performed: raise, amount: 10
]]></system-out>
  </testcase>
  <testcase name="check_shouldAdvanceGameState" classname="com.sap.ase.poker.smokeTests.CheckSmokeTest" time="0.013">
    <system-out><![CDATA[
  .   ____          _            __ _ _
 /\\ / ___'_ __ _ _(_)_ __  __ _ \ \ \ \
( ( )\___ | '_ | '_| | '_ \/ _` | \ \ \ \
 \\/  ___)| |_)| | | | | || (_| |  ) ) ) )
  '  |____| .__|_| |_|_| |_\__, | / / / /
 =========|_|==============|___/=/_/_/_/
 :: Spring Boot ::                (v3.1.1)

2023-09-14T11:49:40.764+01:00  INFO 28372 --- [           main] c.s.ase.poker.smokeTests.CheckSmokeTest  : Starting CheckSmokeTest using Java 17.0.7 with PID 28372 (started by I585382 in C:\SAPDevelop\Learning\Cloud Native Developer Journey\poker-app-java)
2023-09-14T11:49:40.764+01:00  INFO 28372 --- [           main] c.s.ase.poker.smokeTests.CheckSmokeTest  : No active profile set, falling back to 1 default profile: "default"
2023-09-14T11:49:42.116+01:00  INFO 28372 --- [           main] o.s.s.web.DefaultSecurityFilterChain     : Will secure any request with [org.springframework.security.web.session.DisableEncodeUrlFilter@32ecad28, org.springframework.security.web.context.request.async.WebAsyncManagerIntegrationFilter@238cf72, org.springframework.security.web.context.SecurityContextHolderFilter@13d02df2, org.springframework.security.web.header.HeaderWriterFilter@3c053ff2, org.springframework.security.web.authentication.logout.LogoutFilter@27d3a440, com.sap.ase.poker.security.JsonUsernamePasswordAuthenticationFilter@2fd77e1d, org.springframework.security.web.authentication.UsernamePasswordAuthenticationFilter@827f9c8, com.sap.ase.poker.security.JwtAuthenticationRequestFilter@18092b96, org.springframework.security.web.savedrequest.RequestCacheAwareFilter@650a6974, org.springframework.security.web.servletapi.SecurityContextHolderAwareRequestFilter@70653088, org.springframework.security.web.authentication.AnonymousAuthenticationFilter@4fdb4052, org.springframework.security.web.session.SessionManagementFilter@a59e0e4, org.springframework.security.web.access.ExceptionTranslationFilter@34784a86, org.springframework.security.web.access.intercept.AuthorizationFilter@489cbbcb]
2023-09-14T11:49:42.159+01:00  INFO 28372 --- [           main] c.s.ase.poker.smokeTests.CheckSmokeTest  : Started CheckSmokeTest in 1.426 seconds (process running for 21.449)
Player joined the table: poker-alice
Player joined the table: wild-bill
Action performed: check, amount: 0
]]></system-out>
  </testcase>
</testsuite>