<?xml version="1.0" encoding="UTF-8"?>
<testsuite xmlns:xsi="http://www.w3.org/2001/XMLSchema-instance" xsi:noNamespaceSchemaLocation="https://maven.apache.org/surefire/maven-surefire-plugin/xsd/surefire-test-report-3.0.xsd" version="3.0" name="com.sap.cc.greeting.SpringBootGreetingApplicationTests" time="5.343" tests="1" errors="0" skipped="0" failures="0">
  <properties>
[...]
</properties>
  <testcase name="contextLoads" classname="com.sap.cc.greeting.SpringBootGreetingApplicationTests" time="0.041">
    <system-out><![CDATA[16:29:52.870 [main] INFO org.springframework.test.context.support.AnnotationConfigContextLoaderUtils -- Could not detect default configuration classes for test class [com.sap.cc.greeting.SpringBootGreetingApplicationTests]: SpringBootGreetingApplicationTests does not declare any static, non-private, non-final, nested classes annotated with @Configuration.
16:29:53.228 [main] INFO org.springframework.boot.test.context.SpringBootTestContextBootstrapper -- Found @SpringBootConfiguration com.sap.cc.greeting.SpringBootGreetingApplication for test class com.sap.cc.greeting.SpringBootGreetingApplicationTests
16:29:52,016 |-INFO in ch.qos.logback.classic.LoggerContext[default] - This is logback-classic version 1.4.8
16:29:52,118 |-INFO in ch.qos.logback.classic.LoggerContext[default] - Could NOT find resource [logback-test.xml]
16:29:52,119 |-INFO in ch.qos.logback.classic.LoggerContext[default] - Could NOT find resource [logback.xml]
16:29:52,127 |-INFO in ch.qos.logback.classic.BasicConfigurator@40230eb9 - Setting up default configuration.
16:29:54,297 |-INFO in ch.qos.logback.core.model.processor.AppenderModelHandler - Processing appender named [STDOUT-JSON]
16:29:54,297 |-INFO in ch.qos.logback.core.model.processor.AppenderModelHandler - About to instantiate appender of type [ch.qos.logback.core.ConsoleAppender]
16:29:54,378 |-WARN in ch.qos.logback.core.model.processor.AppenderModelHandler - Appender named [STDOUT] not referenced. Skipping further processing.
16:29:54,379 |-INFO in ch.qos.logback.classic.model.processor.RootLoggerModelHandler - Setting level of ROOT logger to INFO
16:29:54,379 |-INFO in ch.qos.logback.classic.jul.LevelChangePropagator@5b7aa898 - Propagating INFO level on Logger[ROOT] onto the JUL framework
16:29:54,380 |-INFO in ch.qos.logback.core.model.processor.AppenderRefModelHandler - Attaching appender named [STDOUT-JSON] to Logger[ROOT]
16:29:54,380 |-INFO in ch.qos.logback.classic.model.processor.LoggerModelHandler - Setting level of logger [com.sap.hcp.cf] to INFO
16:29:54,380 |-INFO in ch.qos.logback.classic.jul.LevelChangePropagator@5b7aa898 - Propagating INFO level on Logger[com.sap.hcp.cf] onto the JUL framework
16:29:54,380 |-INFO in ch.qos.logback.core.model.processor.DefaultProcessor@41b13f3d - End of configuration.
16:29:54,381 |-INFO in org.springframework.boot.logging.logback.SpringBootJoranConfigurator@7c0777b5 - Registering current configuration as safe fallback point

{"msg":"Starting SpringBootGreetingApplicationTests using Java 17.0.7 with PID 29008 (started by I585382 in C:\\SAPDevelop\\Learning\\Cloud Native Developer Journey\\distributed-logging-cf-java\\greetings)","level":"INFO","written_ts":"1701188994556837700","logger":"com.sap.cc.greeting.SpringBootGreetingApplicationTests","written_at":"2023-11-28T16:29:54.541Z","thread":"main","type":"log"}
{"msg":"No active profile set, falling back to 1 default profile: \"default\"","level":"INFO","written_ts":"1701188994561269000","logger":"com.sap.cc.greeting.SpringBootGreetingApplicationTests","written_at":"2023-11-28T16:29:54.561Z","thread":"main","type":"log"}
{"msg":"Started SpringBootGreetingApplicationTests in 4.266 seconds (process running for 9.241)","level":"INFO","written_ts":"1701188997848712300","logger":"com.sap.cc.greeting.SpringBootGreetingApplicationTests","written_at":"2023-11-28T16:29:57.848Z","thread":"main","type":"log"}
]]></system-out>
  </testcase>
</testsuite>